286  [main] INFO  org.eclipse.jetty.server.Server - jetty-8.1.7.v20120910
314  [main] INFO  o.e.j.d.p.ScanningAppProvider - Deployment monitor /home/luis/Escritorio/code_workspace_java/servicio-mock/target/servicemock-standalone-2.3.0/webapps at interval 1
319  [main] INFO  o.e.jetty.deploy.DeploymentManager - Deployable added: /home/luis/Escritorio/code_workspace_java/servicio-mock/target/servicemock-standalone-2.3.0/webapps/servicemock.war
350  [main] INFO  o.e.j.webapp.WebInfConfiguration - Extract jar:file:/home/luis/Escritorio/code_workspace_java/servicio-mock/target/servicemock-standalone-2.3.0/webapps/servicemock.war!/ to /tmp/jetty-0.0.0.0-8090-servicemock.war-_servicemock-any-/webapp
3055 [main] INFO  servicemock - No Spring WebApplicationInitializer types detected on classpath
3218 [main] INFO  o.e.j.server.handler.ContextHandler - started o.e.j.w.WebAppContext{/servicemock,file:/tmp/jetty-0.0.0.0-8090-servicemock.war-_servicemock-any-/webapp/},/home/luis/Escritorio/code_workspace_java/servicio-mock/target/servicemock-standalone-2.3.0/webapps/servicemock.war
3218 [main] INFO  o.e.j.server.handler.ContextHandler - started o.e.j.w.WebAppContext{/servicemock,file:/tmp/jetty-0.0.0.0-8090-servicemock.war-_servicemock-any-/webapp/},/home/luis/Escritorio/code_workspace_java/servicio-mock/target/servicemock-standalone-2.3.0/webapps/servicemock.war
3219 [main] INFO  o.e.j.server.handler.ContextHandler - started o.e.j.w.WebAppContext{/servicemock,file:/tmp/jetty-0.0.0.0-8090-servicemock.war-_servicemock-any-/webapp/},/home/luis/Escritorio/code_workspace_java/servicio-mock/target/servicemock-standalone-2.3.0/webapps/servicemock.war
3250 [main] INFO  servicemock - Initializing Spring root WebApplicationContext
4041 [main] INFO  o.a.c.s.f.ReflectionServiceFactoryBean - Creating Service {http://service.mock.vaneduc.edu/}PagoOnlineService from class edu.vaneduc.mock.service.IPagoOnline
4588 [main] INFO  org.apache.cxf.endpoint.ServerImpl - Setting the server's publish address to be /pagoOnline
4604 [main] INFO  o.a.c.s.f.ReflectionServiceFactoryBean - Creating Service {http://service.mock.vaneduc.edu/}RiesgoCrediticioService from class edu.vaneduc.mock.service.IRiesgoCrediticio
4634 [main] INFO  org.apache.cxf.endpoint.ServerImpl - Setting the server's publish address to be /riesgoCrediticio
4649 [main] INFO  o.e.j.server.handler.ContextHandler - started o.e.j.w.WebAppContext{/servicemock,file:/tmp/jetty-0.0.0.0-8090-servicemock.war-_servicemock-any-/webapp/},/home/luis/Escritorio/code_workspace_java/servicio-mock/target/servicemock-standalone-2.3.0/webapps/servicemock.war
4709 [main] INFO  o.e.j.d.p.ScanningAppProvider - Deployment monitor /home/luis/Escritorio/code_workspace_java/servicio-mock/target/servicemock-standalone-2.3.0/contexts at interval 1
4744 [main] WARN  o.e.j.u.component.AbstractLifeCycle - FAILED SelectChannelConnector@0.0.0.0:8090: java.net.BindException: La dirección ya se está usando
java.net.BindException: La dirección ya se está usando
	at sun.nio.ch.Net.bind0(Native Method) ~[na:1.8.0_31]
	at sun.nio.ch.Net.bind(Net.java:436) ~[na:1.8.0_31]
	at sun.nio.ch.Net.bind(Net.java:428) ~[na:1.8.0_31]
	at sun.nio.ch.ServerSocketChannelImpl.bind(ServerSocketChannelImpl.java:214) ~[na:1.8.0_31]
	at sun.nio.ch.ServerSocketAdaptor.bind(ServerSocketAdaptor.java:74) ~[na:1.8.0_31]
	at org.eclipse.jetty.server.nio.SelectChannelConnector.open(SelectChannelConnector.java:187) ~[jetty-server-8.1.7.v20120910.jar:8.1.7.v20120910]
	at org.eclipse.jetty.server.AbstractConnector.doStart(AbstractConnector.java:316) ~[jetty-server-8.1.7.v20120910.jar:8.1.7.v20120910]
	at org.eclipse.jetty.server.nio.SelectChannelConnector.doStart(SelectChannelConnector.java:265) ~[jetty-server-8.1.7.v20120910.jar:8.1.7.v20120910]
	at org.eclipse.jetty.util.component.AbstractLifeCycle.start(AbstractLifeCycle.java:64) [jetty-util-8.1.7.v20120910.jar:8.1.7.v20120910]
	at org.eclipse.jetty.server.Server.doStart(Server.java:288) [jetty-server-8.1.7.v20120910.jar:8.1.7.v20120910]
	at org.eclipse.jetty.util.component.AbstractLifeCycle.start(AbstractLifeCycle.java:64) [jetty-util-8.1.7.v20120910.jar:8.1.7.v20120910]
	at org.eclipse.jetty.xml.XmlConfiguration$1.run(XmlConfiguration.java:1265) [jetty-xml-8.1.7.v20120910.jar:8.1.7.v20120910]
	at java.security.AccessController.doPrivileged(Native Method) [na:1.8.0_31]
	at org.eclipse.jetty.xml.XmlConfiguration.main(XmlConfiguration.java:1188) [jetty-xml-8.1.7.v20120910.jar:8.1.7.v20120910]
	at sun.reflect.NativeMethodAccessorImpl.invoke0(Native Method) ~[na:1.8.0_31]
	at sun.reflect.NativeMethodAccessorImpl.invoke(NativeMethodAccessorImpl.java:62) ~[na:1.8.0_31]
	at sun.reflect.DelegatingMethodAccessorImpl.invoke(DelegatingMethodAccessorImpl.java:43) ~[na:1.8.0_31]
	at java.lang.reflect.Method.invoke(Method.java:483) ~[na:1.8.0_31]
	at org.eclipse.jetty.start.Main.invokeMain(Main.java:468) [start.jar:8.1.7.v20120910]
	at org.eclipse.jetty.start.Main.start(Main.java:616) [start.jar:8.1.7.v20120910]
	at org.eclipse.jetty.start.Main.main(Main.java:92) [start.jar:8.1.7.v20120910]
4749 [main] WARN  o.e.j.u.component.AbstractLifeCycle - FAILED org.eclipse.jetty.server.Server@65259737: java.net.BindException: La dirección ya se está usando
java.net.BindException: La dirección ya se está usando
	at sun.nio.ch.Net.bind0(Native Method) ~[na:1.8.0_31]
	at sun.nio.ch.Net.bind(Net.java:436) ~[na:1.8.0_31]
	at sun.nio.ch.Net.bind(Net.java:428) ~[na:1.8.0_31]
	at sun.nio.ch.ServerSocketChannelImpl.bind(ServerSocketChannelImpl.java:214) ~[na:1.8.0_31]
	at sun.nio.ch.ServerSocketAdaptor.bind(ServerSocketAdaptor.java:74) ~[na:1.8.0_31]
	at org.eclipse.jetty.server.nio.SelectChannelConnector.open(SelectChannelConnector.java:187) ~[jetty-server-8.1.7.v20120910.jar:8.1.7.v20120910]
	at org.eclipse.jetty.server.AbstractConnector.doStart(AbstractConnector.java:316) ~[jetty-server-8.1.7.v20120910.jar:8.1.7.v20120910]
	at org.eclipse.jetty.server.nio.SelectChannelConnector.doStart(SelectChannelConnector.java:265) ~[jetty-server-8.1.7.v20120910.jar:8.1.7.v20120910]
	at org.eclipse.jetty.util.component.AbstractLifeCycle.start(AbstractLifeCycle.java:64) ~[jetty-util-8.1.7.v20120910.jar:8.1.7.v20120910]
	at org.eclipse.jetty.server.Server.doStart(Server.java:288) ~[jetty-server-8.1.7.v20120910.jar:8.1.7.v20120910]
	at org.eclipse.jetty.util.component.AbstractLifeCycle.start(AbstractLifeCycle.java:64) ~[jetty-util-8.1.7.v20120910.jar:8.1.7.v20120910]
	at org.eclipse.jetty.xml.XmlConfiguration$1.run(XmlConfiguration.java:1265) [jetty-xml-8.1.7.v20120910.jar:8.1.7.v20120910]
	at java.security.AccessController.doPrivileged(Native Method) [na:1.8.0_31]
	at org.eclipse.jetty.xml.XmlConfiguration.main(XmlConfiguration.java:1188) [jetty-xml-8.1.7.v20120910.jar:8.1.7.v20120910]
	at sun.reflect.NativeMethodAccessorImpl.invoke0(Native Method) ~[na:1.8.0_31]
	at sun.reflect.NativeMethodAccessorImpl.invoke(NativeMethodAccessorImpl.java:62) ~[na:1.8.0_31]
	at sun.reflect.DelegatingMethodAccessorImpl.invoke(DelegatingMethodAccessorImpl.java:43) ~[na:1.8.0_31]
	at java.lang.reflect.Method.invoke(Method.java:483) ~[na:1.8.0_31]
	at org.eclipse.jetty.start.Main.invokeMain(Main.java:468) [start.jar:8.1.7.v20120910]
	at org.eclipse.jetty.start.Main.start(Main.java:616) [start.jar:8.1.7.v20120910]
	at org.eclipse.jetty.start.Main.main(Main.java:92) [start.jar:8.1.7.v20120910]
